#
# There is insufficient memory for the Java Runtime Environment to continue.
# Native memory allocation (mmap) failed to map 130023424 bytes for Failed to commit area from 0x0000000084e00000 to 0x000000008ca00000 of length 130023424.
# Possible reasons:
#   The system is out of physical RAM or swap space
#   The process is running with CompressedOops enabled, and the Java Heap may be blocking the growth of the native heap
# Possible solutions:
#   Reduce memory load on the system
#   Increase physical memory or swap space
#   Check if swap backing store is full
#   Decrease Java heap size (-Xmx/-Xms)
#   Decrease number of Java threads
#   Decrease Java thread stack sizes (-Xss)
#   Set larger code cache with -XX:ReservedCodeCacheSize=
# This output file may be truncated or incomplete.
#
#  Out of Memory Error (./open/src/hotspot/os/windows/os_windows.cpp:3287), pid=28456, tid=28912
#
# JRE version:  (11.0.15.1+2) (build )
# Java VM: Java HotSpot(TM) 64-Bit Server VM (11.0.15.1+2-LTS-10, mixed mode, sharing, tiered, compressed oops, g1 gc, windows-amd64)
# No core dump will be written. Minidumps are not enabled by default on client versions of Windows
#

---------------  S U M M A R Y ------------

Command Line: -agentlib:jdwp=transport=dt_socket,suspend=y,address=localhost:57061 -javaagent:C:\Users\Sandeep\eclipse\configuration\org.eclipse.osgi\409\0\.cp\lib\javaagent-shaded.jar -Dfile.encoding=Cp1252 com.rays.javabasic.SecondHigh

Host: 12th Gen Intel(R) Core(TM) i5-1235U, 12 cores, 7G,  Windows 11 , 64 bit Build 26100 (10.0.26100.7309)
Time: Tue Jan  6 12:22:30 2026 India Standard Time elapsed time: 1.731343 seconds (0d 0h 0m 1s)

---------------  T H R E A D  ---------------

Current thread (0x00000203d08d5000):  JavaThread "Unknown thread" [_thread_in_vm, id=28912, stack(0x000000915bf00000,0x000000915c000000)]

Stack: [0x000000915bf00000,0x000000915c000000]
Native frames: (J=compiled Java code, j=interpreted, Vv=VM code, C=native code)
V  [jvm.dll+0x629d8a]
V  [jvm.dll+0x7638ff]
V  [jvm.dll+0x764fa9]
V  [jvm.dll+0x765633]
V  [jvm.dll+0x23d9c8]
V  [jvm.dll+0x6270aa]
V  [jvm.dll+0x61be35]
V  [jvm.dll+0x2f27dc]
V  [jvm.dll+0x2f2662]
V  [jvm.dll+0x2f7386]
V  [jvm.dll+0x339d8f]
V  [jvm.dll+0x3397c0]
V  [jvm.dll+0x2cfdf8]
V  [jvm.dll+0x2d0f66]
V  [jvm.dll+0x73df07]
V  [jvm.dll+0x73f79f]
V  [jvm.dll+0x346ab9]
V  [jvm.dll+0x723810]
V  [jvm.dll+0x3b56cf]
V  [jvm.dll+0x3b77e1]
C  [jli.dll+0x5207]
C  [ucrtbase.dll+0x37b0]
C  [KERNEL32.DLL+0x2e8d7]
C  [ntdll.dll+0x8c53c]


---------------  P R O C E S S  ---------------

Threads class SMR info:
_java_thread_list=0x00000203ce7279e0, length=0, elements={
}

Java Threads: ( => current thread )

Other Threads:
  0x00000203d08ea800 GCTaskThread "GC Thread#0" [stack: 0x000000915c100000,0x000000915c200000] [id=29152]
  0x00000203d091b000 ConcurrentGCThread "G1 Main Marker" [stack: 0x000000915c200000,0x000000915c300000] [id=29156]
  0x00000203d091d800 ConcurrentGCThread "G1 Conc#0" [stack: 0x000000915c300000,0x000000915c400000] [id=29160]

[error occurred during error reporting (printing all threads), id 0xc0000005, EXCEPTION_ACCESS_VIOLATION (0xc0000005) at pc=0x00007ffed971f087]

VM state:not at safepoint (not fully initialized)

VM Mutex/Monitor currently owned by a thread:  ([mutex/lock_event])
[0x00000203d08d2100] Heap_lock - owner thread: 0x00000203d08d5000

Heap address: 0x0000000084e00000, size: 1970 MB, Compressed Oops mode: Non-zero based: 0x0000000084e00000
Narrow klass base: 0x0000000000000000, Narrow klass shift: 0

GC Heap History (0 events):
No events

Deoptimization events (0 events):
No events

Classes redefined (0 events):
No events

Internal exceptions (0 events):
No events

Events (0 events):
No events


Dynamic libraries:
0x00007ff7cb3f0000 - 0x00007ff7cb3ff000 	C:\Program Files\Java\jdk-11.0.15.1\bin\javaw.exe
0x00007fff04de0000 - 0x00007fff05047000 	C:\WINDOWS\SYSTEM32\ntdll.dll
0x00007fff03850000 - 0x00007fff03919000 	C:\WINDOWS\System32\KERNEL32.DLL
0x00007fff02290000 - 0x00007fff0267f000 	C:\WINDOWS\System32\KERNELBASE.dll
0x00007fff02770000 - 0x00007fff028bb000 	C:\WINDOWS\System32\ucrtbase.dll
0x00007ffeda240000 - 0x00007ffeda258000 	C:\Program Files\Java\jdk-11.0.15.1\bin\jli.dll
0x00007fff03fd0000 - 0x00007fff04084000 	C:\WINDOWS\System32\ADVAPI32.dll
0x00007fff04a10000 - 0x00007fff04ab9000 	C:\WINDOWS\System32\msvcrt.dll
0x00007fff04ac0000 - 0x00007fff04b66000 	C:\WINDOWS\System32\sechost.dll
0x00007fff03730000 - 0x00007fff03848000 	C:\WINDOWS\System32\RPCRT4.dll
0x00007fff04840000 - 0x00007fff04a05000 	C:\WINDOWS\System32\USER32.dll
0x00007fff02740000 - 0x00007fff02767000 	C:\WINDOWS\System32\win32u.dll
0x00007fff039c0000 - 0x00007fff039eb000 	C:\WINDOWS\System32\GDI32.dll
0x00007fff01f30000 - 0x00007fff0205c000 	C:\WINDOWS\System32\gdi32full.dll
0x00007fff02690000 - 0x00007fff02733000 	C:\WINDOWS\System32\msvcp_win.dll
0x00007ffeda0e0000 - 0x00007ffeda0f5000 	C:\Program Files\Java\jdk-11.0.15.1\bin\VCRUNTIME140.dll
0x00007ffee9620000 - 0x00007ffee98b3000 	C:\WINDOWS\WinSxS\amd64_microsoft.windows.common-controls_6595b64144ccf1df_6.0.26100.7309_none_3e05feeae336a044\COMCTL32.dll
0x00007ffef0fa0000 - 0x00007ffef0fab000 	C:\WINDOWS\SYSTEM32\VERSION.dll
0x00007fff04cf0000 - 0x00007fff04d21000 	C:\WINDOWS\System32\IMM32.DLL
0x00007ffed9f60000 - 0x00007ffed9ffb000 	C:\Program Files\Java\jdk-11.0.15.1\bin\msvcp140.dll
0x00007ffed9440000 - 0x00007ffed9f56000 	C:\Program Files\Java\jdk-11.0.15.1\bin\server\jvm.dll
0x00007fff04670000 - 0x00007fff04678000 	C:\WINDOWS\System32\PSAPI.DLL
0x00007ffedc240000 - 0x00007ffedc24a000 	C:\WINDOWS\SYSTEM32\WSOCK32.dll
0x00007fff047c0000 - 0x00007fff04834000 	C:\WINDOWS\System32\WS2_32.dll
0x00007ffef6600000 - 0x00007ffef6635000 	C:\WINDOWS\SYSTEM32\WINMM.dll
0x00007fff00c40000 - 0x00007fff00c5b000 	C:\WINDOWS\SYSTEM32\kernel.appcore.dll
0x00007ffed9380000 - 0x00007ffed9390000 	C:\Program Files\Java\jdk-11.0.15.1\bin\verify.dll
0x00007ffeff7b0000 - 0x00007ffeff9f2000 	C:\WINDOWS\SYSTEM32\DBGHELP.DLL
0x00007fff032e0000 - 0x00007fff03665000 	C:\WINDOWS\System32\combase.dll
0x00007fff040a0000 - 0x00007fff04176000 	C:\WINDOWS\System32\OLEAUT32.dll
0x00007ffee83c0000 - 0x00007ffee83fc000 	C:\WINDOWS\SYSTEM32\dbgcore.DLL
0x00007fff021e0000 - 0x00007fff02285000 	C:\WINDOWS\System32\bcryptPrimitives.dll
0x00007ffed9300000 - 0x00007ffed9328000 	C:\Program Files\Java\jdk-11.0.15.1\bin\java.dll
0x00007ffed92f0000 - 0x00007ffed92fa000 	C:\Program Files\Java\jdk-11.0.15.1\bin\jimage.dll
0x00007ffef01b0000 - 0x00007ffef01e8000 	C:\Program Files\Java\jdk-11.0.15.1\bin\jdwp.dll
0x00007ffefa000000 - 0x00007ffefa00e000 	C:\Program Files\Java\jdk-11.0.15.1\bin\instrument.dll
0x00007ffed9360000 - 0x00007ffed9376000 	C:\Program Files\Java\jdk-11.0.15.1\bin\zip.dll

dbghelp: loaded successfully - version: 4.0.5 - missing functions: none
symbol engine: initialized successfully - sym options: 0x614 - pdb path: .;C:\Program Files\Java\jdk-11.0.15.1\bin;C:\WINDOWS\SYSTEM32;C:\WINDOWS\WinSxS\amd64_microsoft.windows.common-controls_6595b64144ccf1df_6.0.26100.7309_none_3e05feeae336a044;C:\Program Files\Java\jdk-11.0.15.1\bin\server

VM Arguments:
jvm_args: -agentlib:jdwp=transport=dt_socket,suspend=y,address=localhost:57061 -javaagent:C:\Users\Sandeep\eclipse\configuration\org.eclipse.osgi\409\0\.cp\lib\javaagent-shaded.jar -Dfile.encoding=Cp1252 
java_command: com.rays.javabasic.SecondHigh
java_class_path (initial): E:\Core-Interview\Core-java\bin
Launcher Type: SUN_STANDARD

[Global flags]
     intx CICompilerCount                          = 4                                         {product} {ergonomic}
     uint ConcGCThreads                            = 3                                         {product} {ergonomic}
     uint G1ConcRefinementThreads                  = 10                                        {product} {ergonomic}
   size_t G1HeapRegionSize                         = 1048576                                   {product} {ergonomic}
    uintx GCDrainStackTargetSize                   = 64                                        {product} {ergonomic}
   size_t InitialHeapSize                          = 130023424                                 {product} {ergonomic}
   size_t MarkStackSize                            = 4194304                                   {product} {ergonomic}
   size_t MaxHeapSize                              = 2065694720                                {product} {ergonomic}
   size_t MinHeapDeltaBytes                        = 1048576                                   {product} {ergonomic}
    uintx NonNMethodCodeHeapSize                   = 5836300                                {pd product} {ergonomic}
    uintx NonProfiledCodeHeapSize                  = 122910970                              {pd product} {ergonomic}
    uintx ProfiledCodeHeapSize                     = 122910970                              {pd product} {ergonomic}
    uintx ReservedCodeCacheSize                    = 251658240                              {pd product} {ergonomic}
     bool SegmentedCodeCache                       = true                                      {product} {ergonomic}
     bool UseCompressedClassPointers               = true                                 {lp64_product} {ergonomic}
     bool UseCompressedOops                        = true                                 {lp64_product} {ergonomic}
     bool UseG1GC                                  = true                                      {product} {ergonomic}
     bool UseLargePagesIndividualAllocation        = false                                  {pd product} {ergonomic}

Logging:
Log output configuration:
 #0: stdout all=warning uptime,level,tags
 #1: stderr all=off uptime,level,tags

Environment Variables:
JAVA_HOME=C:\Program Files\Java\jdk-11.0.15.1
PATH=C:\Program Files\Common Files\Oracle\Java\javapath;C:\WINDOWS\system32;C:\WINDOWS;C:\WINDOWS\System32\Wbem;C:\WINDOWS\System32\WindowsPowerShell\v1.0\;C:\WINDOWS\System32\OpenSSH\;C:\Program Files\Git\cmd;C:\Program Files\Docker\Docker\resources\bin;D:\;C:\Program Files\nodejs\;C:\Users\Sandeep\AppData\Local\Microsoft\WindowsApps;"C:\Program Files\Common Files\Oracle\Java\javapath;C:\WINDOWS\system32;C:\WINDOWS;C:\WINDOWS\System32\Wbem;C:\WINDOWS\System32\WindowsPowerShell\v1.0\;C:\WINDOWS\System32\OpenSSH\;C:\Program Files\Git\cmd;C:\Program Files\Docker\Docker\resources\bin;D:\;C:\Program Files\nodejs\;C:\Program Files\Java\jdk-11.0.15.1\bin";C:\Users\Sandeep\AppData\Local\Programs\Microsoft VS Code\bin;C:\Users\Sandeep\AppData\Roaming\npm;C:\apache-maven-3.9.6\bin;
USERNAME=Sandeep
OS=Windows_NT
PROCESSOR_IDENTIFIER=Intel64 Family 6 Model 154 Stepping 4, GenuineIntel



---------------  S Y S T E M  ---------------

OS: Windows 11 , 64 bit Build 26100 (10.0.26100.7309)
Hyper-V role detected

CPU:total 12 (initial active 12) (6 cores per cpu, 2 threads per core) family 6 model 154 stepping 4 microcode 0x42c, cmov, cx8, fxsr, mmx, sse, sse2, sse3, ssse3, sse4.1, sse4.2, popcnt, avx, avx2, aes, clmul, erms, 3dnowpref, lzcnt, ht, tsc, tscinvbit, bmi1, bmi2, adx, sha, fma

Memory: 4k page, system-wide physical 7877M (1109M free)
TotalPageFile size 32453M (AvailPageFile size 17M)
current process WorkingSet (physical memory assigned to process): 11M, peak: 11M
current process commit charge ("private bytes"): 64M, peak: 188M

vm_info: Java HotSpot(TM) 64-Bit Server VM (11.0.15.1+2-LTS-10) for windows-amd64 JRE (11.0.15.1+2-LTS-10), built on Apr 25 2022 21:51:57 by "mach5one" with MS VC++ 15.9 (VS2017)

END.
